<?xml version="1.0" encoding="UTF-8"?>
<!-- Generated by org.testng.reporters.JUnitReportReporter -->
<testsuite hostname="Bindu.local" name="Flights_Scripts.Registration_HomeLink" tests="3" failures="0" timestamp="27 Apr 2020 06:02:16 GMT" time="297.777" errors="0">
  <testcase name="Regis" time="147.843" classname="Flights_Scripts.Registration_HomeLink"/>
  <testcase name="Book" time="62.166" classname="Flights_Scripts.Registration_HomeLink"/>
  <testcase name="Flight" time="87.768" classname="Flights_Scripts.Registration_HomeLink"/>
</testsuite>
