<?xml version="1.0" encoding="UTF-8"?>
<!-- Generated by org.testng.reporters.JUnitReportReporter -->
<testsuite hostname="Bindu.local" name="Flights_Scripts.FlightBook_MultiplePassenger_oneway" tests="3" failures="0" timestamp="27 Apr 2020 06:02:11 GMT" time="131.747" errors="0">
  <testcase name="Book" time="18.273" classname="Flights_Scripts.FlightBook_MultiplePassenger_oneway"/>
  <testcase name="Regis1" time="87.345" classname="Flights_Scripts.FlightBook_MultiplePassenger_oneway"/>
  <testcase name="Flight" time="26.129" classname="Flights_Scripts.FlightBook_MultiplePassenger_oneway"/>
</testsuite>
