<?xml version="1.0" encoding="UTF-8"?>
<!-- Generated by org.testng.reporters.JUnitReportReporter -->
<testsuite hostname="Bindu.local" name="Flights_Scripts.FlightBook_SinglePassenger_Roundway" tests="3" failures="0" timestamp="27 Apr 2020 06:03:31 GMT" time="289.441" errors="0">
  <testcase name="Book" time="21.262" classname="Flights_Scripts.FlightBook_SinglePassenger_Roundway"/>
  <testcase name="Regis1" time="196.008" classname="Flights_Scripts.FlightBook_SinglePassenger_Roundway"/>
  <testcase name="Flight" time="72.171" classname="Flights_Scripts.FlightBook_SinglePassenger_Roundway"/>
</testsuite>
