<?xml version="1.0" encoding="UTF-8"?>
<!-- Generated by org.testng.reporters.JUnitReportReporter -->
<testsuite hostname="Bindu.local" name="Flights_Scripts.Registration_Booking_a" tests="3" failures="0" timestamp="25 Apr 2020 05:49:43 GMT" time="40.217" errors="0">
  <testcase name="Flight" time="13.674" classname="Flights_Scripts.Registration_Booking_a"/>
  <testcase name="Book" time="14.896" classname="Flights_Scripts.Registration_Booking_a"/>
  <testcase name="Regis" time="11.647" classname="Flights_Scripts.Registration_Booking_a"/>
</testsuite>
